0 info it worked if it ends with ok
1 verbose cli [
1 verbose cli   'C:\\Program Files\\nodejs\\node.exe',
1 verbose cli   'C:\\Program Files\\nodejs\\node_modules\\npm\\bin\\npm-cli.js',
1 verbose cli   'start'
1 verbose cli ]
2 info using npm@6.14.14
3 info using node@v14.17.5
4 verbose run-script [ 'prestart', 'start', 'poststart' ]
5 info lifecycle ecommerce_website@1.0.0~prestart: ecommerce_website@1.0.0
6 info lifecycle ecommerce_website@1.0.0~start: ecommerce_website@1.0.0
7 verbose lifecycle ecommerce_website@1.0.0~start: unsafe-perm in lifecycle true
8 verbose lifecycle ecommerce_website@1.0.0~start: PATH: C:\Program Files\nodejs\node_modules\npm\node_modules\npm-lifecycle\node-gyp-bin;C:\Users\HimanshuKashyap\OneDrive\Documents\NodeProject\E-commerce-master\node_modules\.bin;C:\WINDOWS\system32;C:\WINDOWS;C:\WINDOWS\System32\Wbem;C:\WINDOWS\System32\WindowsPowerShell\v1.0\;C:\WINDOWS\System32\OpenSSH\;C:\Program Files\MongoDB\Server\4.2\bin;C:\MinGW\bin;C:\Program Files\Git\cmd;C:\Program Files\nodejs\;C:\ProgramData\chocolatey\bin;C:\Users\HimanshuKashyap\AppData\Local\Microsoft\WindowsApps;C:\Users\HimanshuKashyap\AppData\Local\Programs\Microsoft VS Code\bin;C:\Program Files\heroku\bin;C:\Users\HimanshuKashyap\AppData\Roaming\npm;C:\Users\HimanshuKashyap\AppData\Local\gitkraken\bin
9 verbose lifecycle ecommerce_website@1.0.0~start: CWD: C:\Users\HimanshuKashyap\OneDrive\Documents\NodeProject\E-commerce-master
10 silly lifecycle ecommerce_website@1.0.0~start: Args: [ '/d /s /c', 'node backend/server' ]
11 silly lifecycle ecommerce_website@1.0.0~start: Returned: code: 1  signal: null
12 info lifecycle ecommerce_website@1.0.0~start: Failed to exec start script
13 verbose stack Error: ecommerce_website@1.0.0 start: `node backend/server`
13 verbose stack Exit status 1
13 verbose stack     at EventEmitter.<anonymous> (C:\Program Files\nodejs\node_modules\npm\node_modules\npm-lifecycle\index.js:332:16)
13 verbose stack     at EventEmitter.emit (events.js:400:28)
13 verbose stack     at ChildProcess.<anonymous> (C:\Program Files\nodejs\node_modules\npm\node_modules\npm-lifecycle\lib\spawn.js:55:14)
13 verbose stack     at ChildProcess.emit (events.js:400:28)
13 verbose stack     at maybeClose (internal/child_process.js:1055:16)
13 verbose stack     at Process.ChildProcess._handle.onexit (internal/child_process.js:288:5)
14 verbose pkgid ecommerce_website@1.0.0
15 verbose cwd C:\Users\HimanshuKashyap\OneDrive\Documents\NodeProject\E-commerce-master\backend
16 verbose Windows_NT 10.0.22000
17 verbose argv "C:\\Program Files\\nodejs\\node.exe" "C:\\Program Files\\nodejs\\node_modules\\npm\\bin\\npm-cli.js" "start"
18 verbose node v14.17.5
19 verbose npm  v6.14.14
20 error code ELIFECYCLE
21 error errno 1
22 error ecommerce_website@1.0.0 start: `node backend/server`
22 error Exit status 1
23 error Failed at the ecommerce_website@1.0.0 start script.
23 error This is probably not a problem with npm. There is likely additional logging output above.
24 verbose exit [ 1, true ]
